Context initialization failed
org.springframework.beans.factory.parsing.BeanDefinitionParsingException: Configuration problem: Failed to import bean definitions from relative location [dubbo-consume.xml]
Offending resource: URL [file:/E:/workspace_oxygen_dubbo/mlink-web/target/classes/mlink-servlet.xml]; nested exception is org.springframework.beans.factory.xml.XmlBeanDefinitionStoreException: Line 5 in XML document from URL [file:/E:/workspace_oxygen_dubbo/mlink-web/target/classes/dubbo-consume.xml] is invalid; nested exception is org.xml.sax.SAXParseException; lineNumber: 5; columnNumber: 44; cvc-complex-type.2.4.c: 通配符的匹配很全面, 但无法找到元素 'dubbo:application' 的声明。
	at org.springframework.beans.factory.parsing.FailFastProblemReporter.error(FailFastProblemReporter.java:70)
	at org.springframework.beans.factory.parsing.ReaderContext.error(ReaderContext.java:85)
	at org.springframework.beans.factory.parsing.ReaderContext.error(ReaderContext.java:76)
	at org.springframework.beans.factory.xml.DefaultBeanDefinitionDocumentReader.importBeanDefinitionResource(DefaultBeanDefinitionDocumentReader.java:255)
	at org.springframework.beans.factory.xml.DefaultBeanDefinitionDocumentReader.parseDefaultElement(DefaultBeanDefinitionDocumentReader.java:180)
	at org.springframework.beans.factory.xml.DefaultBeanDefinitionDocumentReader.parseBeanDefinitions(DefaultBeanDefinitionDocumentReader.java:165)
	at org.springframework.beans.factory.xml.DefaultBeanDefinitionDocumentReader.doRegisterBeanDefinitions(DefaultBeanDefinitionDocumentReader.java:138)
	at org.springframework.beans.factory.xml.DefaultBeanDefinitionDocumentReader.registerBeanDefinitions(DefaultBeanDefinitionDocumentReader.java:94)
	at org.springframework.beans.factory.xml.XmlBeanDefinitionReader.registerBeanDefinitions(XmlBeanDefinitionReader.java:508)
	at org.springframework.beans.factory.xml.XmlBeanDefinitionReader.doLoadBeanDefinitions(XmlBeanDefinitionReader.java:392)
	at org.springframework.beans.factory.xml.XmlBeanDefinitionReader.loadBeanDefinitions(XmlBeanDefinitionReader.java:336)
	at org.springframework.beans.factory.xml.XmlBeanDefinitionReader.loadBeanDefinitions(XmlBeanDefinitionReader.java:304)
	at org.springframework.beans.factory.support.AbstractBeanDefinitionReader.loadBeanDefinitions(AbstractBeanDefinitionReader.java:181)
	at org.springframework.beans.factory.support.AbstractBeanDefinitionReader.loadBeanDefinitions(AbstractBeanDefinitionReader.java:217)
	at org.springframework.beans.factory.support.AbstractBeanDefinitionReader.loadBeanDefinitions(AbstractBeanDefinitionReader.java:188)
	at org.springframework.web.context.support.XmlWebApplicationContext.loadBeanDefinitions(XmlWebApplicationContext.java:125)
	at org.springframework.web.context.support.XmlWebApplicationContext.loadBeanDefinitions(XmlWebApplicationContext.java:94)
	at org.springframework.context.support.AbstractRefreshableApplicationContext.refreshBeanFactory(AbstractRefreshableApplicationContext.java:129)
	at org.springframework.context.support.AbstractApplicationContext.obtainFreshBeanFactory(AbstractApplicationContext.java:609)
	at org.springframework.context.support.AbstractApplicationContext.refresh(AbstractApplicationContext.java:510)
	at org.springframework.web.servlet.FrameworkServlet.configureAndRefreshWebApplicationContext(FrameworkServlet.java:666)
	at org.springframework.web.servlet.FrameworkServlet.createWebApplicationContext(FrameworkServlet.java:632)
	at org.springframework.web.servlet.FrameworkServlet.createWebApplicationContext(FrameworkServlet.java:680)
	at org.springframework.web.servlet.FrameworkServlet.initWebApplicationContext(FrameworkServlet.java:551)
	at org.springframework.web.servlet.FrameworkServlet.initServletBean(FrameworkServlet.java:492)
	at org.springframework.web.servlet.HttpServletBean.init(HttpServletBean.java:136)
	at javax.servlet.GenericServlet.init(GenericServlet.java:160)
	at org.apache.catalina.core.StandardWrapper.initServlet(StandardWrapper.java:1280)
	at org.apache.catalina.core.StandardWrapper.loadServlet(StandardWrapper.java:1193)
	at org.apache.catalina.core.StandardWrapper.load(StandardWrapper.java:1088)
	at org.apache.catalina.core.StandardContext.loadOnStartup(StandardContext.java:5176)
	at org.apache.catalina.core.StandardContext.startInternal(StandardContext.java:5460)
	at org.apache.catalina.util.LifecycleBase.start(LifecycleBase.java:150)
	at org.apache.catalina.core.ContainerBase$StartChild.call(ContainerBase.java:1559)
	at org.apache.catalina.core.ContainerBase$StartChild.call(ContainerBase.java:1549)
	at java.util.concurrent.FutureTask.run(FutureTask.java:266)
	at java.util.concurrent.ThreadPoolExecutor.runWorker(ThreadPoolExecutor.java:1142)
	at java.util.concurrent.ThreadPoolExecutor$Worker.run(ThreadPoolExecutor.java:617)
	at java.lang.Thread.run(Thread.java:745)
Caused by: org.springframework.beans.factory.xml.XmlBeanDefinitionStoreException: Line 5 in XML document from URL [file:/E:/workspace_oxygen_dubbo/mlink-web/target/classes/dubbo-consume.xml] is invalid; nested exception is org.xml.sax.SAXParseException; lineNumber: 5; columnNumber: 44; cvc-complex-type.2.4.c: 通配符的匹配很全面, 但无法找到元素 'dubbo:application' 的声明。
	at org.springframework.beans.factory.xml.XmlBeanDefinitionReader.doLoadBeanDefinitions(XmlBeanDefinitionReader.java:399)
	at org.springframework.beans.factory.xml.XmlBeanDefinitionReader.loadBeanDefinitions(XmlBeanDefinitionReader.java:336)
	at org.springframework.beans.factory.xml.XmlBeanDefinitionReader.loadBeanDefinitions(XmlBeanDefinitionReader.java:304)
	at org.springframework.beans.factory.xml.DefaultBeanDefinitionDocumentReader.importBeanDefinitionResource(DefaultBeanDefinitionDocumentReader.java:239)
	... 35 more
Caused by: org.xml.sax.SAXParseException; lineNumber: 5; columnNumber: 44; cvc-complex-type.2.4.c: 通配符的匹配很全面, 但无法找到元素 'dubbo:application' 的声明。
	at com.sun.org.apache.xerces.internal.util.ErrorHandlerWrapper.createSAXParseException(ErrorHandlerWrapper.java:203)
	at com.sun.org.apache.xerces.internal.util.ErrorHandlerWrapper.error(ErrorHandlerWrapper.java:134)
	at com.sun.org.apache.xerces.internal.impl.XMLErrorReporter.reportError(XMLErrorReporter.java:437)
	at com.sun.org.apache.xerces.internal.impl.XMLErrorReporter.reportError(XMLErrorReporter.java:368)
	at com.sun.org.apache.xerces.internal.impl.XMLErrorReporter.reportError(XMLErrorReporter.java:325)
	at com.sun.org.apache.xerces.internal.impl.xs.XMLSchemaValidator$XSIErrorReporter.reportError(XMLSchemaValidator.java:458)
	at com.sun.org.apache.xerces.internal.impl.xs.XMLSchemaValidator.reportSchemaError(XMLSchemaValidator.java:3237)
	at com.sun.org.apache.xerces.internal.impl.xs.XMLSchemaValidator.handleStartElement(XMLSchemaValidator.java:1917)
	at com.sun.org.apache.xerces.internal.impl.xs.XMLSchemaValidator.emptyElement(XMLSchemaValidator.java:766)
	at com.sun.org.apache.xerces.internal.impl.XMLNSDocumentScannerImpl.scanStartElement(XMLNSDocumentScannerImpl.java:356)
	at com.sun.org.apache.xerces.internal.impl.XMLDocumentFragmentScannerImpl$FragmentContentDriver.next(XMLDocumentFragmentScannerImpl.java:2786)
	at com.sun.org.apache.xerces.internal.impl.XMLDocumentScannerImpl.next(XMLDocumentScannerImpl.java:606)
	at com.sun.org.apache.xerces.internal.impl.XMLNSDocumentScannerImpl.next(XMLNSDocumentScannerImpl.java:117)
	at com.sun.org.apache.xerces.internal.impl.XMLDocumentFragmentScannerImpl.scanDocument(XMLDocumentFragmentScannerImpl.java:510)
	at com.sun.org.apache.xerces.internal.parsers.XML11Configuration.parse(XML11Configuration.java:848)
	at com.sun.org.apache.xerces.internal.parsers.XML11Configuration.parse(XML11Configuration.java:777)
	at com.sun.org.apache.xerces.internal.parsers.XMLParser.parse(XMLParser.java:141)
	at com.sun.org.apache.xerces.internal.parsers.DOMParser.parse(DOMParser.java:243)
	at com.sun.org.apache.xerces.internal.jaxp.DocumentBuilderImpl.parse(DocumentBuilderImpl.java:348)
	at org.springframework.beans.factory.xml.DefaultDocumentLoader.loadDocument(DefaultDocumentLoader.java:76)
	at org.springframework.beans.factory.xml.XmlBeanDefinitionReader.doLoadDocument(XmlBeanDefinitionReader.java:429)
	at org.springframework.beans.factory.xml.XmlBeanDefinitionReader.doLoadBeanDefinitions(XmlBeanDefinitionReader.java:391)
	... 38 more
Context initialization failed
org.springframework.beans.factory.parsing.BeanDefinitionParsingException: Configuration problem: Failed to import bean definitions from relative location [dubbo-consume.xml]
Offending resource: URL [file:/E:/workspace_oxygen_dubbo/mlink-web/target/classes/mlink-servlet.xml]; nested exception is org.springframework.beans.factory.xml.XmlBeanDefinitionStoreException: Line 5 in XML document from URL [file:/E:/workspace_oxygen_dubbo/mlink-web/target/classes/dubbo-consume.xml] is invalid; nested exception is org.xml.sax.SAXParseException; lineNumber: 5; columnNumber: 43; cvc-complex-type.2.4.c: 通配符的匹配很全面, 但无法找到元素 'dubbo:application' 的声明。
	at org.springframework.beans.factory.parsing.FailFastProblemReporter.error(FailFastProblemReporter.java:70)
	at org.springframework.beans.factory.parsing.ReaderContext.error(ReaderContext.java:85)
	at org.springframework.beans.factory.parsing.ReaderContext.error(ReaderContext.java:76)
	at org.springframework.beans.factory.xml.DefaultBeanDefinitionDocumentReader.importBeanDefinitionResource(DefaultBeanDefinitionDocumentReader.java:255)
	at org.springframework.beans.factory.xml.DefaultBeanDefinitionDocumentReader.parseDefaultElement(DefaultBeanDefinitionDocumentReader.java:180)
	at org.springframework.beans.factory.xml.DefaultBeanDefinitionDocumentReader.parseBeanDefinitions(DefaultBeanDefinitionDocumentReader.java:165)
	at org.springframework.beans.factory.xml.DefaultBeanDefinitionDocumentReader.doRegisterBeanDefinitions(DefaultBeanDefinitionDocumentReader.java:138)
	at org.springframework.beans.factory.xml.DefaultBeanDefinitionDocumentReader.registerBeanDefinitions(DefaultBeanDefinitionDocumentReader.java:94)
	at org.springframework.beans.factory.xml.XmlBeanDefinitionReader.registerBeanDefinitions(XmlBeanDefinitionReader.java:508)
	at org.springframework.beans.factory.xml.XmlBeanDefinitionReader.doLoadBeanDefinitions(XmlBeanDefinitionReader.java:392)
	at org.springframework.beans.factory.xml.XmlBeanDefinitionReader.loadBeanDefinitions(XmlBeanDefinitionReader.java:336)
	at org.springframework.beans.factory.xml.XmlBeanDefinitionReader.loadBeanDefinitions(XmlBeanDefinitionReader.java:304)
	at org.springframework.beans.factory.support.AbstractBeanDefinitionReader.loadBeanDefinitions(AbstractBeanDefinitionReader.java:181)
	at org.springframework.beans.factory.support.AbstractBeanDefinitionReader.loadBeanDefinitions(AbstractBeanDefinitionReader.java:217)
	at org.springframework.beans.factory.support.AbstractBeanDefinitionReader.loadBeanDefinitions(AbstractBeanDefinitionReader.java:188)
	at org.springframework.web.context.support.XmlWebApplicationContext.loadBeanDefinitions(XmlWebApplicationContext.java:125)
	at org.springframework.web.context.support.XmlWebApplicationContext.loadBeanDefinitions(XmlWebApplicationContext.java:94)
	at org.springframework.context.support.AbstractRefreshableApplicationContext.refreshBeanFactory(AbstractRefreshableApplicationContext.java:129)
	at org.springframework.context.support.AbstractApplicationContext.obtainFreshBeanFactory(AbstractApplicationContext.java:609)
	at org.springframework.context.support.AbstractApplicationContext.refresh(AbstractApplicationContext.java:510)
	at org.springframework.web.servlet.FrameworkServlet.configureAndRefreshWebApplicationContext(FrameworkServlet.java:666)
	at org.springframework.web.servlet.FrameworkServlet.createWebApplicationContext(FrameworkServlet.java:632)
	at org.springframework.web.servlet.FrameworkServlet.createWebApplicationContext(FrameworkServlet.java:680)
	at org.springframework.web.servlet.FrameworkServlet.initWebApplicationContext(FrameworkServlet.java:551)
	at org.springframework.web.servlet.FrameworkServlet.initServletBean(FrameworkServlet.java:492)
	at org.springframework.web.servlet.HttpServletBean.init(HttpServletBean.java:136)
	at javax.servlet.GenericServlet.init(GenericServlet.java:160)
	at org.apache.catalina.core.StandardWrapper.initServlet(StandardWrapper.java:1280)
	at org.apache.catalina.core.StandardWrapper.loadServlet(StandardWrapper.java:1193)
	at org.apache.catalina.core.StandardWrapper.load(StandardWrapper.java:1088)
	at org.apache.catalina.core.StandardContext.loadOnStartup(StandardContext.java:5176)
	at org.apache.catalina.core.StandardContext.startInternal(StandardContext.java:5460)
	at org.apache.catalina.util.LifecycleBase.start(LifecycleBase.java:150)
	at org.apache.catalina.core.ContainerBase$StartChild.call(ContainerBase.java:1559)
	at org.apache.catalina.core.ContainerBase$StartChild.call(ContainerBase.java:1549)
	at java.util.concurrent.FutureTask.run(FutureTask.java:266)
	at java.util.concurrent.ThreadPoolExecutor.runWorker(ThreadPoolExecutor.java:1142)
	at java.util.concurrent.ThreadPoolExecutor$Worker.run(ThreadPoolExecutor.java:617)
	at java.lang.Thread.run(Thread.java:745)
Caused by: org.springframework.beans.factory.xml.XmlBeanDefinitionStoreException: Line 5 in XML document from URL [file:/E:/workspace_oxygen_dubbo/mlink-web/target/classes/dubbo-consume.xml] is invalid; nested exception is org.xml.sax.SAXParseException; lineNumber: 5; columnNumber: 43; cvc-complex-type.2.4.c: 通配符的匹配很全面, 但无法找到元素 'dubbo:application' 的声明。
	at org.springframework.beans.factory.xml.XmlBeanDefinitionReader.doLoadBeanDefinitions(XmlBeanDefinitionReader.java:399)
	at org.springframework.beans.factory.xml.XmlBeanDefinitionReader.loadBeanDefinitions(XmlBeanDefinitionReader.java:336)
	at org.springframework.beans.factory.xml.XmlBeanDefinitionReader.loadBeanDefinitions(XmlBeanDefinitionReader.java:304)
	at org.springframework.beans.factory.xml.DefaultBeanDefinitionDocumentReader.importBeanDefinitionResource(DefaultBeanDefinitionDocumentReader.java:239)
	... 35 more
Caused by: org.xml.sax.SAXParseException; lineNumber: 5; columnNumber: 43; cvc-complex-type.2.4.c: 通配符的匹配很全面, 但无法找到元素 'dubbo:application' 的声明。
	at com.sun.org.apache.xerces.internal.util.ErrorHandlerWrapper.createSAXParseException(ErrorHandlerWrapper.java:203)
	at com.sun.org.apache.xerces.internal.util.ErrorHandlerWrapper.error(ErrorHandlerWrapper.java:134)
	at com.sun.org.apache.xerces.internal.impl.XMLErrorReporter.reportError(XMLErrorReporter.java:437)
	at com.sun.org.apache.xerces.internal.impl.XMLErrorReporter.reportError(XMLErrorReporter.java:368)
	at com.sun.org.apache.xerces.internal.impl.XMLErrorReporter.reportError(XMLErrorReporter.java:325)
	at com.sun.org.apache.xerces.internal.impl.xs.XMLSchemaValidator$XSIErrorReporter.reportError(XMLSchemaValidator.java:458)
	at com.sun.org.apache.xerces.internal.impl.xs.XMLSchemaValidator.reportSchemaError(XMLSchemaValidator.java:3237)
	at com.sun.org.apache.xerces.internal.impl.xs.XMLSchemaValidator.handleStartElement(XMLSchemaValidator.java:1917)
	at com.sun.org.apache.xerces.internal.impl.xs.XMLSchemaValidator.emptyElement(XMLSchemaValidator.java:766)
	at com.sun.org.apache.xerces.internal.impl.XMLNSDocumentScannerImpl.scanStartElement(XMLNSDocumentScannerImpl.java:356)
	at com.sun.org.apache.xerces.internal.impl.XMLDocumentFragmentScannerImpl$FragmentContentDriver.next(XMLDocumentFragmentScannerImpl.java:2786)
	at com.sun.org.apache.xerces.internal.impl.XMLDocumentScannerImpl.next(XMLDocumentScannerImpl.java:606)
	at com.sun.org.apache.xerces.internal.impl.XMLNSDocumentScannerImpl.next(XMLNSDocumentScannerImpl.java:117)
	at com.sun.org.apache.xerces.internal.impl.XMLDocumentFragmentScannerImpl.scanDocument(XMLDocumentFragmentScannerImpl.java:510)
	at com.sun.org.apache.xerces.internal.parsers.XML11Configuration.parse(XML11Configuration.java:848)
	at com.sun.org.apache.xerces.internal.parsers.XML11Configuration.parse(XML11Configuration.java:777)
	at com.sun.org.apache.xerces.internal.parsers.XMLParser.parse(XMLParser.java:141)
	at com.sun.org.apache.xerces.internal.parsers.DOMParser.parse(DOMParser.java:243)
	at com.sun.org.apache.xerces.internal.jaxp.DocumentBuilderImpl.parse(DocumentBuilderImpl.java:348)
	at org.springframework.beans.factory.xml.DefaultDocumentLoader.loadDocument(DefaultDocumentLoader.java:76)
	at org.springframework.beans.factory.xml.XmlBeanDefinitionReader.doLoadDocument(XmlBeanDefinitionReader.java:429)
	at org.springframework.beans.factory.xml.XmlBeanDefinitionReader.doLoadBeanDefinitions(XmlBeanDefinitionReader.java:391)
	... 38 more
Context initialization failed
org.springframework.beans.factory.parsing.BeanDefinitionParsingException: Configuration problem: Failed to import bean definitions from relative location [dubbo-consume.xml]
Offending resource: URL [file:/E:/workspace_oxygen_dubbo/mlink-web/target/classes/mlink-servlet.xml]; nested exception is org.springframework.beans.factory.xml.XmlBeanDefinitionStoreException: Line 5 in XML document from URL [file:/E:/workspace_oxygen_dubbo/mlink-web/target/classes/dubbo-consume.xml] is invalid; nested exception is org.xml.sax.SAXParseException; lineNumber: 5; columnNumber: 43; cvc-complex-type.2.4.c: 通配符的匹配很全面, 但无法找到元素 'dubbo:application' 的声明。
	at org.springframework.beans.factory.parsing.FailFastProblemReporter.error(FailFastProblemReporter.java:70)
	at org.springframework.beans.factory.parsing.ReaderContext.error(ReaderContext.java:85)
	at org.springframework.beans.factory.parsing.ReaderContext.error(ReaderContext.java:76)
	at org.springframework.beans.factory.xml.DefaultBeanDefinitionDocumentReader.importBeanDefinitionResource(DefaultBeanDefinitionDocumentReader.java:255)
	at org.springframework.beans.factory.xml.DefaultBeanDefinitionDocumentReader.parseDefaultElement(DefaultBeanDefinitionDocumentReader.java:180)
	at org.springframework.beans.factory.xml.DefaultBeanDefinitionDocumentReader.parseBeanDefinitions(DefaultBeanDefinitionDocumentReader.java:165)
	at org.springframework.beans.factory.xml.DefaultBeanDefinitionDocumentReader.doRegisterBeanDefinitions(DefaultBeanDefinitionDocumentReader.java:138)
	at org.springframework.beans.factory.xml.DefaultBeanDefinitionDocumentReader.registerBeanDefinitions(DefaultBeanDefinitionDocumentReader.java:94)
	at org.springframework.beans.factory.xml.XmlBeanDefinitionReader.registerBeanDefinitions(XmlBeanDefinitionReader.java:508)
	at org.springframework.beans.factory.xml.XmlBeanDefinitionReader.doLoadBeanDefinitions(XmlBeanDefinitionReader.java:392)
	at org.springframework.beans.factory.xml.XmlBeanDefinitionReader.loadBeanDefinitions(XmlBeanDefinitionReader.java:336)
	at org.springframework.beans.factory.xml.XmlBeanDefinitionReader.loadBeanDefinitions(XmlBeanDefinitionReader.java:304)
	at org.springframework.beans.factory.support.AbstractBeanDefinitionReader.loadBeanDefinitions(AbstractBeanDefinitionReader.java:181)
	at org.springframework.beans.factory.support.AbstractBeanDefinitionReader.loadBeanDefinitions(AbstractBeanDefinitionReader.java:217)
	at org.springframework.beans.factory.support.AbstractBeanDefinitionReader.loadBeanDefinitions(AbstractBeanDefinitionReader.java:188)
	at org.springframework.web.context.support.XmlWebApplicationContext.loadBeanDefinitions(XmlWebApplicationContext.java:125)
	at org.springframework.web.context.support.XmlWebApplicationContext.loadBeanDefinitions(XmlWebApplicationContext.java:94)
	at org.springframework.context.support.AbstractRefreshableApplicationContext.refreshBeanFactory(AbstractRefreshableApplicationContext.java:129)
	at org.springframework.context.support.AbstractApplicationContext.obtainFreshBeanFactory(AbstractApplicationContext.java:609)
	at org.springframework.context.support.AbstractApplicationContext.refresh(AbstractApplicationContext.java:510)
	at org.springframework.web.servlet.FrameworkServlet.configureAndRefreshWebApplicationContext(FrameworkServlet.java:666)
	at org.springframework.web.servlet.FrameworkServlet.createWebApplicationContext(FrameworkServlet.java:632)
	at org.springframework.web.servlet.FrameworkServlet.createWebApplicationContext(FrameworkServlet.java:680)
	at org.springframework.web.servlet.FrameworkServlet.initWebApplicationContext(FrameworkServlet.java:551)
	at org.springframework.web.servlet.FrameworkServlet.initServletBean(FrameworkServlet.java:492)
	at org.springframework.web.servlet.HttpServletBean.init(HttpServletBean.java:136)
	at javax.servlet.GenericServlet.init(GenericServlet.java:160)
	at org.apache.catalina.core.StandardWrapper.initServlet(StandardWrapper.java:1280)
	at org.apache.catalina.core.StandardWrapper.loadServlet(StandardWrapper.java:1193)
	at org.apache.catalina.core.StandardWrapper.load(StandardWrapper.java:1088)
	at org.apache.catalina.core.StandardContext.loadOnStartup(StandardContext.java:5176)
	at org.apache.catalina.core.StandardContext.startInternal(StandardContext.java:5460)
	at org.apache.catalina.util.LifecycleBase.start(LifecycleBase.java:150)
	at org.apache.catalina.core.ContainerBase$StartChild.call(ContainerBase.java:1559)
	at org.apache.catalina.core.ContainerBase$StartChild.call(ContainerBase.java:1549)
	at java.util.concurrent.FutureTask.run(FutureTask.java:266)
	at java.util.concurrent.ThreadPoolExecutor.runWorker(ThreadPoolExecutor.java:1142)
	at java.util.concurrent.ThreadPoolExecutor$Worker.run(ThreadPoolExecutor.java:617)
	at java.lang.Thread.run(Thread.java:745)
Caused by: org.springframework.beans.factory.xml.XmlBeanDefinitionStoreException: Line 5 in XML document from URL [file:/E:/workspace_oxygen_dubbo/mlink-web/target/classes/dubbo-consume.xml] is invalid; nested exception is org.xml.sax.SAXParseException; lineNumber: 5; columnNumber: 43; cvc-complex-type.2.4.c: 通配符的匹配很全面, 但无法找到元素 'dubbo:application' 的声明。
	at org.springframework.beans.factory.xml.XmlBeanDefinitionReader.doLoadBeanDefinitions(XmlBeanDefinitionReader.java:399)
	at org.springframework.beans.factory.xml.XmlBeanDefinitionReader.loadBeanDefinitions(XmlBeanDefinitionReader.java:336)
	at org.springframework.beans.factory.xml.XmlBeanDefinitionReader.loadBeanDefinitions(XmlBeanDefinitionReader.java:304)
	at org.springframework.beans.factory.xml.DefaultBeanDefinitionDocumentReader.importBeanDefinitionResource(DefaultBeanDefinitionDocumentReader.java:239)
	... 35 more
Caused by: org.xml.sax.SAXParseException; lineNumber: 5; columnNumber: 43; cvc-complex-type.2.4.c: 通配符的匹配很全面, 但无法找到元素 'dubbo:application' 的声明。
	at com.sun.org.apache.xerces.internal.util.ErrorHandlerWrapper.createSAXParseException(ErrorHandlerWrapper.java:203)
	at com.sun.org.apache.xerces.internal.util.ErrorHandlerWrapper.error(ErrorHandlerWrapper.java:134)
	at com.sun.org.apache.xerces.internal.impl.XMLErrorReporter.reportError(XMLErrorReporter.java:437)
	at com.sun.org.apache.xerces.internal.impl.XMLErrorReporter.reportError(XMLErrorReporter.java:368)
	at com.sun.org.apache.xerces.internal.impl.XMLErrorReporter.reportError(XMLErrorReporter.java:325)
	at com.sun.org.apache.xerces.internal.impl.xs.XMLSchemaValidator$XSIErrorReporter.reportError(XMLSchemaValidator.java:458)
	at com.sun.org.apache.xerces.internal.impl.xs.XMLSchemaValidator.reportSchemaError(XMLSchemaValidator.java:3237)
	at com.sun.org.apache.xerces.internal.impl.xs.XMLSchemaValidator.handleStartElement(XMLSchemaValidator.java:1917)
	at com.sun.org.apache.xerces.internal.impl.xs.XMLSchemaValidator.emptyElement(XMLSchemaValidator.java:766)
	at com.sun.org.apache.xerces.internal.impl.XMLNSDocumentScannerImpl.scanStartElement(XMLNSDocumentScannerImpl.java:356)
	at com.sun.org.apache.xerces.internal.impl.XMLDocumentFragmentScannerImpl$FragmentContentDriver.next(XMLDocumentFragmentScannerImpl.java:2786)
	at com.sun.org.apache.xerces.internal.impl.XMLDocumentScannerImpl.next(XMLDocumentScannerImpl.java:606)
	at com.sun.org.apache.xerces.internal.impl.XMLNSDocumentScannerImpl.next(XMLNSDocumentScannerImpl.java:117)
	at com.sun.org.apache.xerces.internal.impl.XMLDocumentFragmentScannerImpl.scanDocument(XMLDocumentFragmentScannerImpl.java:510)
	at com.sun.org.apache.xerces.internal.parsers.XML11Configuration.parse(XML11Configuration.java:848)
	at com.sun.org.apache.xerces.internal.parsers.XML11Configuration.parse(XML11Configuration.java:777)
	at com.sun.org.apache.xerces.internal.parsers.XMLParser.parse(XMLParser.java:141)
	at com.sun.org.apache.xerces.internal.parsers.DOMParser.parse(DOMParser.java:243)
	at com.sun.org.apache.xerces.internal.jaxp.DocumentBuilderImpl.parse(DocumentBuilderImpl.java:348)
	at org.springframework.beans.factory.xml.DefaultDocumentLoader.loadDocument(DefaultDocumentLoader.java:76)
	at org.springframework.beans.factory.xml.XmlBeanDefinitionReader.doLoadDocument(XmlBeanDefinitionReader.java:429)
	at org.springframework.beans.factory.xml.XmlBeanDefinitionReader.doLoadBeanDefinitions(XmlBeanDefinitionReader.java:391)
	... 38 more
Context initialization failed
org.springframework.beans.factory.BeanCreationException: Error creating bean with name 'Task': Injection of autowired dependencies failed; nested exception is org.springframework.beans.factory.BeanCreationException: Could not autowire field: private com.mlink.service.IExchangeService com.mlink.schedule.Task.exchangeService; nested exception is org.springframework.beans.factory.BeanCreationException: Error creating bean with name 'exchangeService': FactoryBean threw exception on object creation; nested exception is java.lang.NoClassDefFoundError: org/I0Itec/zkclient/IZkStateListener
	at org.springframework.beans.factory.annotation.AutowiredAnnotationBeanPostProcessor.postProcessPropertyValues(AutowiredAnnotationBeanPostProcessor.java:334)
	at org.springframework.beans.factory.support.AbstractAutowireCapableBeanFactory.populateBean(AbstractAutowireCapableBeanFactory.java:1214)
	at org.springframework.beans.factory.support.AbstractAutowireCapableBeanFactory.doCreateBean(AbstractAutowireCapableBeanFactory.java:543)
	at org.springframework.beans.factory.support.AbstractAutowireCapableBeanFactory.createBean(AbstractAutowireCapableBeanFactory.java:482)
	at org.springframework.beans.factory.support.AbstractBeanFactory$1.getObject(AbstractBeanFactory.java:306)
	at org.springframework.beans.factory.support.DefaultSingletonBeanRegistry.getSingleton(DefaultSingletonBeanRegistry.java:230)
	at org.springframework.beans.factory.support.AbstractBeanFactory.doGetBean(AbstractBeanFactory.java:302)
	at org.springframework.beans.factory.support.AbstractBeanFactory.getBean(AbstractBeanFactory.java:197)
	at org.springframework.beans.factory.support.DefaultListableBeanFactory.preInstantiateSingletons(DefaultListableBeanFactory.java:772)
	at org.springframework.context.support.AbstractApplicationContext.finishBeanFactoryInitialization(AbstractApplicationContext.java:839)
	at org.springframework.context.support.AbstractApplicationContext.refresh(AbstractApplicationContext.java:538)
	at org.springframework.web.servlet.FrameworkServlet.configureAndRefreshWebApplicationContext(FrameworkServlet.java:666)
	at org.springframework.web.servlet.FrameworkServlet.createWebApplicationContext(FrameworkServlet.java:632)
	at org.springframework.web.servlet.FrameworkServlet.createWebApplicationContext(FrameworkServlet.java:680)
	at org.springframework.web.servlet.FrameworkServlet.initWebApplicationContext(FrameworkServlet.java:551)
	at org.springframework.web.servlet.FrameworkServlet.initServletBean(FrameworkServlet.java:492)
	at org.springframework.web.servlet.HttpServletBean.init(HttpServletBean.java:136)
	at javax.servlet.GenericServlet.init(GenericServlet.java:160)
	at org.apache.catalina.core.StandardWrapper.initServlet(StandardWrapper.java:1280)
	at org.apache.catalina.core.StandardWrapper.loadServlet(StandardWrapper.java:1193)
	at org.apache.catalina.core.StandardWrapper.load(StandardWrapper.java:1088)
	at org.apache.catalina.core.StandardContext.loadOnStartup(StandardContext.java:5176)
	at org.apache.catalina.core.StandardContext.startInternal(StandardContext.java:5460)
	at org.apache.catalina.util.LifecycleBase.start(LifecycleBase.java:150)
	at org.apache.catalina.core.ContainerBase$StartChild.call(ContainerBase.java:1559)
	at org.apache.catalina.core.ContainerBase$StartChild.call(ContainerBase.java:1549)
	at java.util.concurrent.FutureTask.run(FutureTask.java:266)
	at java.util.concurrent.ThreadPoolExecutor.runWorker(ThreadPoolExecutor.java:1142)
	at java.util.concurrent.ThreadPoolExecutor$Worker.run(ThreadPoolExecutor.java:617)
	at java.lang.Thread.run(Thread.java:745)
Caused by: org.springframework.beans.factory.BeanCreationException: Could not autowire field: private com.mlink.service.IExchangeService com.mlink.schedule.Task.exchangeService; nested exception is org.springframework.beans.factory.BeanCreationException: Error creating bean with name 'exchangeService': FactoryBean threw exception on object creation; nested exception is java.lang.NoClassDefFoundError: org/I0Itec/zkclient/IZkStateListener
	at org.springframework.beans.factory.annotation.AutowiredAnnotationBeanPostProcessor$AutowiredFieldElement.inject(AutowiredAnnotationBeanPostProcessor.java:573)
	at org.springframework.beans.factory.annotation.InjectionMetadata.inject(InjectionMetadata.java:88)
	at org.springframework.beans.factory.annotation.AutowiredAnnotationBeanPostProcessor.postProcessPropertyValues(AutowiredAnnotationBeanPostProcessor.java:331)
	... 29 more
Caused by: org.springframework.beans.factory.BeanCreationException: Error creating bean with name 'exchangeService': FactoryBean threw exception on object creation; nested exception is java.lang.NoClassDefFoundError: org/I0Itec/zkclient/IZkStateListener
	at org.springframework.beans.factory.support.FactoryBeanRegistrySupport.doGetObjectFromFactoryBean(FactoryBeanRegistrySupport.java:175)
	at org.springframework.beans.factory.support.FactoryBeanRegistrySupport.getObjectFromFactoryBean(FactoryBeanRegistrySupport.java:103)
	at org.springframework.beans.factory.support.AbstractBeanFactory.getObjectForBeanInstance(AbstractBeanFactory.java:1590)
	at org.springframework.beans.factory.support.AbstractBeanFactory.doGetBean(AbstractBeanFactory.java:254)
	at org.springframework.beans.factory.support.AbstractBeanFactory.getBean(AbstractBeanFactory.java:197)
	at org.springframework.beans.factory.support.DefaultListableBeanFactory.findAutowireCandidates(DefaultListableBeanFactory.java:1192)
	at org.springframework.beans.factory.support.DefaultListableBeanFactory.doResolveDependency(DefaultListableBeanFactory.java:1116)
	at org.springframework.beans.factory.support.DefaultListableBeanFactory.resolveDependency(DefaultListableBeanFactory.java:1014)
	at org.springframework.beans.factory.annotation.AutowiredAnnotationBeanPostProcessor$AutowiredFieldElement.inject(AutowiredAnnotationBeanPostProcessor.java:545)
	... 31 more
Caused by: java.lang.NoClassDefFoundError: org/I0Itec/zkclient/IZkStateListener
	at com.alibaba.dubbo.remoting.zookeeper.zkclient.ZkclientZookeeperTransporter.connect(ZkclientZookeeperTransporter.java:10)
	at com.alibaba.dubbo.remoting.zookeeper.ZookeeperTransporter$Adaptive.connect(ZookeeperTransporter$Adaptive.java)
	at com.alibaba.dubbo.registry.zookeeper.ZookeeperRegistry.<init>(ZookeeperRegistry.java:69)
	at com.alibaba.dubbo.registry.zookeeper.ZookeeperRegistryFactory.createRegistry(ZookeeperRegistryFactory.java:37)
	at com.alibaba.dubbo.registry.support.AbstractRegistryFactory.getRegistry(AbstractRegistryFactory.java:95)
	at com.alibaba.dubbo.registry.RegistryFactory$Adaptive.getRegistry(RegistryFactory$Adaptive.java)
	at com.alibaba.dubbo.registry.integration.RegistryProtocol.refer(RegistryProtocol.java:254)
	at com.alibaba.dubbo.rpc.protocol.ProtocolFilterWrapper.refer(ProtocolFilterWrapper.java:99)
	at com.alibaba.dubbo.rpc.protocol.ProtocolListenerWrapper.refer(ProtocolListenerWrapper.java:63)
	at com.alibaba.dubbo.rpc.Protocol$Adaptive.refer(Protocol$Adaptive.java)
	at com.alibaba.dubbo.config.ReferenceConfig.createProxy(ReferenceConfig.java:379)
	at com.alibaba.dubbo.config.ReferenceConfig.init(ReferenceConfig.java:320)
	at com.alibaba.dubbo.config.ReferenceConfig.get(ReferenceConfig.java:159)
	at com.alibaba.dubbo.config.spring.ReferenceBean.getObject(ReferenceBean.java:65)
	at org.springframework.beans.factory.support.FactoryBeanRegistrySupport.doGetObjectFromFactoryBean(FactoryBeanRegistrySupport.java:168)
	... 39 more
Caused by: java.lang.ClassNotFoundException: org.I0Itec.zkclient.IZkStateListener
	at org.apache.catalina.loader.WebappClassLoader.loadClass(WebappClassLoader.java:1702)
	at org.apache.catalina.loader.WebappClassLoader.loadClass(WebappClassLoader.java:1547)
	... 54 more
com.alibaba.dubbo.rpc.RpcException: Failed to invoke the method getList in the service com.mlink.service.IInternationalService. Tried 3 times of the providers [192.168.10.120:20880] (1/1) from the registry 192.168.192.129:2181 on the consumer 192.168.10.120 using the dubbo version 2.5.6. Last error is: Failed to invoke remote method: getList, provider: dubbo://192.168.10.120:20880/com.mlink.service.IInternationalService?anyhost=true&application=democonsumer&check=false&dubbo=2.5.6&generic=false&interface=com.mlink.service.IInternationalService&methods=getList,save,update,getAllMapList,delete&pid=4696&remote.timestamp=1509698351305&revision=0.0.1-SNAPSHOT&side=consumer&timestamp=1509699470572, cause: Failed to send message Request [id=8, version=2.0.0, twoway=true, event=false, broken=false, data=RpcInvocation [methodName=getList, parameterTypes=[class com.mlink.util.PageUtil, interface java.util.Map], arguments=[PageUtil [pageNo=1, pageSize=10, orderBy=null, order=null, autoCount=true, result=[], totalCount=-1], {}], attachments={path=com.mlink.service.IInternationalService, interface=com.mlink.service.IInternationalService, version=0.0.0}]] to /192.168.10.120:20880, cause: Serialized class com.mlink.util.PageUtil must implement java.io.Serializable
java.lang.NullPointerException
com.alibaba.dubbo.rpc.RpcException: Failed to invoke the method getList in the service com.mlink.service.INodeService. Tried 3 times of the providers [192.168.10.120:20880] (1/1) from the registry 192.168.192.129:2181 on the consumer 192.168.10.120 using the dubbo version 2.5.6. Last error is: Failed to invoke remote method: getList, provider: dubbo://192.168.10.120:20880/com.mlink.service.INodeService?anyhost=true&application=democonsumer&check=false&dubbo=2.5.6&generic=false&interface=com.mlink.service.INodeService&methods=getList,save,update,getAllMapList,delete&pid=4696&remote.timestamp=1509698351603&revision=0.0.1-SNAPSHOT&side=consumer&timestamp=1509699470832, cause: Failed to send message Request [id=85, version=2.0.0, twoway=true, event=false, broken=false, data=RpcInvocation [methodName=getList, parameterTypes=[class com.mlink.util.PageUtil, interface java.util.Map], arguments=[PageUtil [pageNo=1, pageSize=10, orderBy=null, order=null, autoCount=true, result=[], totalCount=-1], {cityid=5dbaad6d-3de8-4ea2-a9ca-ecd5e633b428}], attachments={path=com.mlink.service.INodeService, interface=com.mlink.service.INodeService, version=0.0.0}]] to /192.168.10.120:20880, cause: Serialized class com.mlink.util.PageUtil must implement java.io.Serializable
com.alibaba.dubbo.rpc.RpcException: Failed to invoke the method getList in the service com.mlink.service.ICityService. Tried 3 times of the providers [192.168.10.120:20880] (1/1) from the registry 192.168.192.129:2181 on the consumer 192.168.10.120 using the dubbo version 2.5.6. Last error is: Failed to invoke remote method: getList, provider: dubbo://192.168.10.120:20880/com.mlink.service.ICityService?anyhost=true&application=democonsumer&check=false&dubbo=2.5.6&generic=false&interface=com.mlink.service.ICityService&methods=getValueByCountryID,getList,save,update,getAllMapList,delete&pid=4696&remote.timestamp=1509698337981&revision=0.0.1-SNAPSHOT&side=consumer&timestamp=1509699470466, cause: Failed to send message Request [id=88, version=2.0.0, twoway=true, event=false, broken=false, data=RpcInvocation [methodName=getList, parameterTypes=[class com.mlink.util.PageUtil, interface java.util.Map], arguments=[PageUtil [pageNo=1, pageSize=10, orderBy=null, order=null, autoCount=true, result=[], totalCount=-1], {countryid=9ad781f7-3118-47a2-8f0d-54ac3daf2895}], attachments={path=com.mlink.service.ICityService, interface=com.mlink.service.ICityService, version=0.0.0}]] to /192.168.10.120:20880, cause: Serialized class com.mlink.util.PageUtil must implement java.io.Serializable
com.alibaba.dubbo.rpc.RpcException: Failed to invoke the method getList in the service com.mlink.service.ICountryService. Tried 3 times of the providers [192.168.10.120:20880] (1/1) from the registry 192.168.192.129:2181 on the consumer 192.168.10.120 using the dubbo version 2.5.6. Last error is: Failed to invoke remote method: getList, provider: dubbo://192.168.10.120:20880/com.mlink.service.ICountryService?anyhost=true&application=democonsumer&check=false&dubbo=2.5.6&generic=false&interface=com.mlink.service.ICountryService&methods=getList,get,save,update,getAllMapList,getCountryById,delete&pid=4696&remote.timestamp=1509698350710&revision=0.0.1-SNAPSHOT&side=consumer&timestamp=1509699470323, cause: Failed to send message Request [id=91, version=2.0.0, twoway=true, event=false, broken=false, data=RpcInvocation [methodName=getList, parameterTypes=[class com.mlink.util.PageUtil, interface java.util.Map], arguments=[PageUtil [pageNo=1, pageSize=10, orderBy=null, order=null, autoCount=true, result=[], totalCount=-1], {internationalid=f285ccf6-3811-4bd7-a12e-51b41531a7a0}], attachments={path=com.mlink.service.ICountryService, interface=com.mlink.service.ICountryService, version=0.0.0}]] to /192.168.10.120:20880, cause: Serialized class com.mlink.util.PageUtil must implement java.io.Serializable
com.alibaba.dubbo.rpc.RpcException: Failed to invoke the method getList in the service com.mlink.service.ICountryService. Tried 3 times of the providers [192.168.10.120:20880] (1/1) from the registry 192.168.192.129:2181 on the consumer 192.168.10.120 using the dubbo version 2.5.6. Last error is: Failed to invoke remote method: getList, provider: dubbo://192.168.10.120:20880/com.mlink.service.ICountryService?anyhost=true&application=democonsumer&check=false&dubbo=2.5.6&generic=false&interface=com.mlink.service.ICountryService&methods=getList,get,save,update,getAllMapList,getCountryById,delete&pid=4696&remote.timestamp=1509698350710&revision=0.0.1-SNAPSHOT&side=consumer&timestamp=1509699470323, cause: Failed to send message Request [id=94, version=2.0.0, twoway=true, event=false, broken=false, data=RpcInvocation [methodName=getList, parameterTypes=[class com.mlink.util.PageUtil, interface java.util.Map], arguments=[PageUtil [pageNo=1, pageSize=10, orderBy=null, order=null, autoCount=true, result=[], totalCount=-1], {internationalid=f285ccf6-3811-4bd7-a12e-51b41531a7a0}], attachments={path=com.mlink.service.ICountryService, interface=com.mlink.service.ICountryService, version=0.0.0}]] to /192.168.10.120:20880, cause: Serialized class com.mlink.util.PageUtil must implement java.io.Serializable
com.alibaba.dubbo.rpc.RpcException: Failed to invoke the method getList in the service com.mlink.service.IInternationalService. Tried 3 times of the providers [192.168.10.120:20880] (1/1) from the registry 192.168.192.129:2181 on the consumer 192.168.10.120 using the dubbo version 2.5.6. Last error is: Failed to invoke remote method: getList, provider: dubbo://192.168.10.120:20880/com.mlink.service.IInternationalService?anyhost=true&application=democonsumer&check=false&dubbo=2.5.6&generic=false&interface=com.mlink.service.IInternationalService&methods=getList,save,update,getAllMapList,delete&pid=4696&remote.timestamp=1509698351305&revision=0.0.1-SNAPSHOT&side=consumer&timestamp=1509699470572, cause: Failed to send message Request [id=97, version=2.0.0, twoway=true, event=false, broken=false, data=RpcInvocation [methodName=getList, parameterTypes=[class com.mlink.util.PageUtil, interface java.util.Map], arguments=[PageUtil [pageNo=1, pageSize=10, orderBy=null, order=null, autoCount=true, result=[], totalCount=-1], {}], attachments={path=com.mlink.service.IInternationalService, interface=com.mlink.service.IInternationalService, version=0.0.0}]] to /192.168.10.120:20880, cause: Serialized class com.mlink.util.PageUtil must implement java.io.Serializable
com.alibaba.dubbo.rpc.RpcException: Failed to invoke the method getList in the service com.mlink.service.IInternationalService. Tried 3 times of the providers [192.168.10.120:20880] (1/1) from the registry 192.168.192.129:2181 on the consumer 192.168.10.120 using the dubbo version 2.5.6. Last error is: Failed to invoke remote method: getList, provider: dubbo://192.168.10.120:20880/com.mlink.service.IInternationalService?anyhost=true&application=democonsumer&check=false&dubbo=2.5.6&generic=false&interface=com.mlink.service.IInternationalService&methods=getList,save,update,getAllMapList,delete&pid=4696&remote.timestamp=1509698351305&revision=0.0.1-SNAPSHOT&side=consumer&timestamp=1509699470572, cause: Failed to send message Request [id=100, version=2.0.0, twoway=true, event=false, broken=false, data=RpcInvocation [methodName=getList, parameterTypes=[class com.mlink.util.PageUtil, interface java.util.Map], arguments=[PageUtil [pageNo=1, pageSize=10, orderBy=null, order=null, autoCount=true, result=[], totalCount=-1], {}], attachments={path=com.mlink.service.IInternationalService, interface=com.mlink.service.IInternationalService, version=0.0.0}]] to /192.168.10.120:20880, cause: Serialized class com.mlink.util.PageUtil must implement java.io.Serializable
com.alibaba.dubbo.rpc.RpcException: Failed to invoke the method getList in the service com.mlink.service.ILineService. Tried 3 times of the providers [192.168.10.120:20880] (1/1) from the registry 192.168.192.129:2181 on the consumer 192.168.10.120 using the dubbo version 2.5.6. Last error is: Failed to invoke remote method: getList, provider: dubbo://192.168.10.120:20880/com.mlink.service.ILineService?anyhost=true&application=democonsumer&check=false&dubbo=2.5.6&generic=false&interface=com.mlink.service.ILineService&methods=getList,save,update,getAllMapList,delete&pid=4696&remote.timestamp=1509698351463&revision=0.0.1-SNAPSHOT&side=consumer&timestamp=1509699470766, cause: Failed to send message Request [id=104, version=2.0.0, twoway=true, event=false, broken=false, data=RpcInvocation [methodName=getList, parameterTypes=[class com.mlink.util.PageUtil, interface java.util.Map], arguments=[PageUtil [pageNo=1, pageSize=10, orderBy=null, order=null, autoCount=true, result=[], totalCount=-1], {}], attachments={path=com.mlink.service.ILineService, interface=com.mlink.service.ILineService, version=0.0.0}]] to /192.168.10.120:20880, cause: Serialized class com.mlink.util.PageUtil must implement java.io.Serializable
com.alibaba.dubbo.rpc.RpcException: Failed to invoke the method getList in the service com.mlink.service.IConsultService. Tried 3 times of the providers [192.168.10.120:20880] (1/1) from the registry 192.168.192.129:2181 on the consumer 192.168.10.120 using the dubbo version 2.5.6. Last error is: Failed to invoke remote method: getList, provider: dubbo://192.168.10.120:20880/com.mlink.service.IConsultService?anyhost=true&application=democonsumer&check=false&dubbo=2.5.6&generic=false&interface=com.mlink.service.IConsultService&methods=getList,save,update,getAllMapList,delete&pid=4696&remote.timestamp=1509698350640&revision=0.0.1-SNAPSHOT&side=consumer&timestamp=1509699470241, cause: Failed to send message Request [id=107, version=2.0.0, twoway=true, event=false, broken=false, data=RpcInvocation [methodName=getList, parameterTypes=[class com.mlink.util.PageUtil, interface java.util.Map], arguments=[PageUtil [pageNo=1, pageSize=10, orderBy=null, order=null, autoCount=true, result=[], totalCount=-1], {}], attachments={path=com.mlink.service.IConsultService, interface=com.mlink.service.IConsultService, version=0.0.0}]] to /192.168.10.120:20880, cause: Serialized class com.mlink.util.PageUtil must implement java.io.Serializable
com.alibaba.dubbo.rpc.RpcException: Failed to invoke the method getList in the service com.mlink.service.IExchangeService. Tried 3 times of the providers [192.168.10.120:20880] (1/1) from the registry 192.168.192.129:2181 on the consumer 192.168.10.120 using the dubbo version 2.5.6. Last error is: Failed to invoke remote method: getList, provider: dubbo://192.168.10.120:20880/com.mlink.service.IExchangeService?anyhost=true&application=democonsumer&check=false&dubbo=2.5.6&generic=false&interface=com.mlink.service.IExchangeService&methods=getList,save,getLastExchange&pid=4696&remote.timestamp=1509698350901&revision=0.0.1-SNAPSHOT&side=consumer&timestamp=1509699459940, cause: Failed to send message Request [id=115, version=2.0.0, twoway=true, event=false, broken=false, data=RpcInvocation [methodName=getList, parameterTypes=[class com.mlink.util.PageUtil, interface java.util.Map], arguments=[PageUtil [pageNo=1, pageSize=10, orderBy=null, order=null, autoCount=true, result=[], totalCount=-1], {}], attachments={path=com.mlink.service.IExchangeService, interface=com.mlink.service.IExchangeService, version=0.0.0}]] to /192.168.10.120:20880, cause: Serialized class com.mlink.util.PageUtil must implement java.io.Serializable
com.alibaba.dubbo.rpc.RpcException: Failed to invoke the method getList in the service com.mlink.service.ILineService. Tried 3 times of the providers [192.168.10.120:20880] (1/1) from the registry 192.168.192.129:2181 on the consumer 192.168.10.120 using the dubbo version 2.5.6. Last error is: Failed to invoke remote method: getList, provider: dubbo://192.168.10.120:20880/com.mlink.service.ILineService?anyhost=true&application=democonsumer&check=false&dubbo=2.5.6&generic=false&interface=com.mlink.service.ILineService&methods=getList,save,update,getAllMapList,delete&pid=4696&remote.timestamp=1509698351463&revision=0.0.1-SNAPSHOT&side=consumer&timestamp=1509699470766, cause: Failed to send message Request [id=118, version=2.0.0, twoway=true, event=false, broken=false, data=RpcInvocation [methodName=getList, parameterTypes=[class com.mlink.util.PageUtil, interface java.util.Map], arguments=[PageUtil [pageNo=1, pageSize=10, orderBy=null, order=null, autoCount=true, result=[], totalCount=-1], {}], attachments={path=com.mlink.service.ILineService, interface=com.mlink.service.ILineService, version=0.0.0}]] to /192.168.10.120:20880, cause: Serialized class com.mlink.util.PageUtil must implement java.io.Serializable
com.alibaba.dubbo.rpc.RpcException: Failed to invoke the method getList in the service com.mlink.service.IInternationalService. Tried 3 times of the providers [192.168.10.120:20880] (1/1) from the registry 192.168.192.129:2181 on the consumer 192.168.10.120 using the dubbo version 2.5.6. Last error is: Failed to invoke remote method: getList, provider: dubbo://192.168.10.120:20880/com.mlink.service.IInternationalService?anyhost=true&application=democonsumer&check=false&dubbo=2.5.6&generic=false&interface=com.mlink.service.IInternationalService&methods=getList,save,update,getAllMapList,delete&pid=4696&remote.timestamp=1509698351305&revision=0.0.1-SNAPSHOT&side=consumer&timestamp=1509699470572, cause: Failed to send message Request [id=202, version=2.0.0, twoway=true, event=false, broken=false, data=RpcInvocation [methodName=getList, parameterTypes=[class com.mlink.util.PageUtil, interface java.util.Map], arguments=[PageUtil [pageNo=1, pageSize=10, orderBy=null, order=null, autoCount=true, result=[], totalCount=-1], {}], attachments={path=com.mlink.service.IInternationalService, interface=com.mlink.service.IInternationalService, version=0.0.0}]] to /192.168.10.120:20880, cause: Serialized class com.mlink.util.PageUtil must implement java.io.Serializable
java.lang.NullPointerException
java.lang.NullPointerException
com.alibaba.dubbo.rpc.RpcException: Failed to invoke the method getList in the service com.mlink.service.INodeService. Tried 3 times of the providers [192.168.10.120:20880] (1/1) from the registry 192.168.192.129:2181 on the consumer 192.168.10.120 using the dubbo version 2.5.6. Last error is: Failed to invoke remote method: getList, provider: dubbo://192.168.10.120:20880/com.mlink.service.INodeService?anyhost=true&application=democonsumer&check=false&dubbo=2.5.6&generic=false&interface=com.mlink.service.INodeService&methods=getList,save,update,getAllMapList,delete&pid=4696&remote.timestamp=1509698351603&revision=0.0.1-SNAPSHOT&side=consumer&timestamp=1509699470832, cause: Failed to send message Request [id=279, version=2.0.0, twoway=true, event=false, broken=false, data=RpcInvocation [methodName=getList, parameterTypes=[class com.mlink.util.PageUtil, interface java.util.Map], arguments=[PageUtil [pageNo=1, pageSize=10, orderBy=null, order=null, autoCount=true, result=[], totalCount=-1], {cityid=5dbaad6d-3de8-4ea2-a9ca-ecd5e633b428}], attachments={path=com.mlink.service.INodeService, interface=com.mlink.service.INodeService, version=0.0.0}]] to /192.168.10.120:20880, cause: Serialized class com.mlink.util.PageUtil must implement java.io.Serializable
java.lang.NullPointerException
com.alibaba.dubbo.rpc.RpcException: Failed to invoke the method getList in the service com.mlink.service.IInternationalService. Tried 3 times of the providers [192.168.10.120:20880] (1/1) from the registry 192.168.192.129:2181 on the consumer 192.168.10.120 using the dubbo version 2.5.6. Last error is: Failed to invoke remote method: getList, provider: dubbo://192.168.10.120:20880/com.mlink.service.IInternationalService?anyhost=true&application=democonsumer&check=false&dubbo=2.5.6&generic=false&interface=com.mlink.service.IInternationalService&methods=getList,save,update,getAllMapList,delete&pid=10036&remote.timestamp=1509698351305&revision=0.0.1-SNAPSHOT&side=consumer&timestamp=1509699772914, cause: Failed to send message Request [id=3, version=2.0.0, twoway=true, event=false, broken=false, data=RpcInvocation [methodName=getList, parameterTypes=[class com.mlink.util.PageUtil, interface java.util.Map], arguments=[PageUtil [pageNo=1, pageSize=10, orderBy=null, order=null, autoCount=true, result=[], totalCount=-1], {}], attachments={path=com.mlink.service.IInternationalService, interface=com.mlink.service.IInternationalService, version=0.0.0}]] to /192.168.10.120:20880, cause: Serialized class com.mlink.util.PageUtil must implement java.io.Serializable
com.alibaba.dubbo.rpc.RpcException: Failed to invoke the method getList in the service com.mlink.service.ILineService. Tried 3 times of the providers [192.168.10.120:20880] (1/1) from the registry 192.168.192.129:2181 on the consumer 192.168.10.120 using the dubbo version 2.5.6. Last error is: Failed to invoke remote method: getList, provider: dubbo://192.168.10.120:20880/com.mlink.service.ILineService?anyhost=true&application=democonsumer&check=false&dubbo=2.5.6&generic=false&interface=com.mlink.service.ILineService&methods=getList,save,update,getAllMapList,delete&pid=10036&remote.timestamp=1509698351463&revision=0.0.1-SNAPSHOT&side=consumer&timestamp=1509699773108, cause: Failed to send message Request [id=80, version=2.0.0, twoway=true, event=false, broken=false, data=RpcInvocation [methodName=getList, parameterTypes=[class com.mlink.util.PageUtil, interface java.util.Map], arguments=[PageUtil [pageNo=1, pageSize=10, orderBy=null, order=null, autoCount=true, result=[], totalCount=-1], {}], attachments={path=com.mlink.service.ILineService, interface=com.mlink.service.ILineService, version=0.0.0}]] to /192.168.10.120:20880, cause: Serialized class com.mlink.util.PageUtil must implement java.io.Serializable
com.alibaba.dubbo.rpc.RpcException: Failed to invoke the method getList in the service com.mlink.service.IConsultService. Tried 3 times of the providers [192.168.10.120:20880] (1/1) from the registry 192.168.192.129:2181 on the consumer 192.168.10.120 using the dubbo version 2.5.6. Last error is: Failed to invoke remote method: getList, provider: dubbo://192.168.10.120:20880/com.mlink.service.IConsultService?anyhost=true&application=democonsumer&check=false&dubbo=2.5.6&generic=false&interface=com.mlink.service.IConsultService&methods=getList,save,update,getAllMapList,delete&pid=10036&remote.timestamp=1509698350640&revision=0.0.1-SNAPSHOT&side=consumer&timestamp=1509699772727, cause: Failed to send message Request [id=83, version=2.0.0, twoway=true, event=false, broken=false, data=RpcInvocation [methodName=getList, parameterTypes=[class com.mlink.util.PageUtil, interface java.util.Map], arguments=[PageUtil [pageNo=1, pageSize=10, orderBy=null, order=null, autoCount=true, result=[], totalCount=-1], {}], attachments={path=com.mlink.service.IConsultService, interface=com.mlink.service.IConsultService, version=0.0.0}]] to /192.168.10.120:20880, cause: Serialized class com.mlink.util.PageUtil must implement java.io.Serializable
com.alibaba.dubbo.rpc.RpcException: Failed to invoke the method getList in the service com.mlink.service.IInternationalService. Tried 3 times of the providers [192.168.10.120:20880] (1/1) from the registry 192.168.192.129:2181 on the consumer 192.168.10.120 using the dubbo version 2.5.6. Last error is: Failed to invoke remote method: getList, provider: dubbo://192.168.10.120:20880/com.mlink.service.IInternationalService?anyhost=true&application=democonsumer&check=false&dubbo=2.5.6&generic=false&interface=com.mlink.service.IInternationalService&methods=getList,save,update,getAllMapList,delete&pid=424&remote.timestamp=1509698351305&revision=0.0.1-SNAPSHOT&side=consumer&timestamp=1509700306360, cause: Failed to send message Request [id=3, version=2.0.0, twoway=true, event=false, broken=false, data=RpcInvocation [methodName=getList, parameterTypes=[class com.mlink.util.PageUtil, interface java.util.Map], arguments=[PageUtil [pageNo=1, pageSize=10, orderBy=null, order=null, autoCount=true, result=[], totalCount=-1], {}], attachments={path=com.mlink.service.IInternationalService, interface=com.mlink.service.IInternationalService, version=0.0.0}]] to /192.168.10.120:20880, cause: Serialized class com.mlink.util.PageUtil must implement java.io.Serializable
com.alibaba.dubbo.rpc.RpcException: Failed to invoke the method getList in the service com.mlink.service.IInternationalService. Tried 3 times of the providers [192.168.10.120:20880] (1/1) from the registry 192.168.192.129:2181 on the consumer 192.168.10.120 using the dubbo version 2.5.6. Last error is: Failed to invoke remote method: getList, provider: dubbo://192.168.10.120:20880/com.mlink.service.IInternationalService?anyhost=true&application=democonsumer&check=false&dubbo=2.5.6&generic=false&interface=com.mlink.service.IInternationalService&methods=getList,save,update,getAllMapList,delete&pid=424&remote.timestamp=1509698351305&revision=0.0.1-SNAPSHOT&side=consumer&timestamp=1509700306360, cause: Failed to send message Request [id=80, version=2.0.0, twoway=true, event=false, broken=false, data=RpcInvocation [methodName=getList, parameterTypes=[class com.mlink.util.PageUtil, interface java.util.Map], arguments=[PageUtil [pageNo=1, pageSize=10, orderBy=null, order=null, autoCount=true, result=[], totalCount=-1], {}], attachments={path=com.mlink.service.IInternationalService, interface=com.mlink.service.IInternationalService, version=0.0.0}]] to /192.168.10.120:20880, cause: Serialized class com.mlink.util.PageUtil must implement java.io.Serializable
com.alibaba.dubbo.rpc.RpcException: Failed to invoke the method getList in the service com.mlink.service.IInternationalService. Tried 3 times of the providers [192.168.10.120:20880] (1/1) from the registry 192.168.192.129:2181 on the consumer 192.168.10.120 using the dubbo version 2.5.6. Last error is: Failed to invoke remote method: getList, provider: dubbo://192.168.10.120:20880/com.mlink.service.IInternationalService?anyhost=true&application=democonsumer&check=false&dubbo=2.5.6&generic=false&interface=com.mlink.service.IInternationalService&methods=getList,save,update,getAllMapList,delete&pid=424&remote.timestamp=1509698351305&revision=0.0.1-SNAPSHOT&side=consumer&timestamp=1509700306360, cause: Failed to send message Request [id=158, version=2.0.0, twoway=true, event=false, broken=false, data=RpcInvocation [methodName=getList, parameterTypes=[class com.mlink.util.PageUtil, interface java.util.Map], arguments=[PageUtil [pageNo=1, pageSize=10, orderBy=null, order=null, autoCount=true, result=[], totalCount=-1], {}], attachments={path=com.mlink.service.IInternationalService, interface=com.mlink.service.IInternationalService, version=0.0.0}]] to /192.168.10.120:20880, cause: Serialized class com.mlink.util.PageUtil must implement java.io.Serializable
com.alibaba.dubbo.rpc.RpcException: Failed to invoke the method getList in the service com.mlink.service.IInternationalService. Tried 3 times of the providers [192.168.10.120:20880] (1/1) from the registry 192.168.192.129:2181 on the consumer 192.168.10.120 using the dubbo version 2.5.6. Last error is: Failed to invoke remote method: getList, provider: dubbo://192.168.10.120:20880/com.mlink.service.IInternationalService?anyhost=true&application=democonsumer&check=false&dubbo=2.5.6&generic=false&interface=com.mlink.service.IInternationalService&methods=getList,save,update,getAllMapList,delete&pid=9536&remote.timestamp=1509698351305&revision=0.0.1-SNAPSHOT&side=consumer&timestamp=1509700478919, cause: Failed to send message Request [id=77, version=2.0.0, twoway=true, event=false, broken=false, data=RpcInvocation [methodName=getList, parameterTypes=[class com.mlink.util.PageUtil, interface java.util.Map], arguments=[PageUtil [pageNo=1, pageSize=10, orderBy=null, order=null, autoCount=true, result=[], totalCount=-1], {}], attachments={path=com.mlink.service.IInternationalService, interface=com.mlink.service.IInternationalService, version=0.0.0}]] to /192.168.10.120:20880, cause: Serialized class com.mlink.util.PageUtil must implement java.io.Serializable
com.alibaba.dubbo.rpc.RpcException: Failed to invoke the method getList in the service com.mlink.service.IInternationalService. Tried 3 times of the providers [192.168.10.120:20880] (1/1) from the registry 192.168.192.129:2181 on the consumer 192.168.10.120 using the dubbo version 2.5.6. Last error is: Failed to invoke remote method: getList, provider: dubbo://192.168.10.120:20880/com.mlink.service.IInternationalService?anyhost=true&application=democonsumer&check=false&dubbo=2.5.6&generic=false&interface=com.mlink.service.IInternationalService&methods=getList,save,update,getAllMapList,delete&pid=9960&remote.timestamp=1509698351305&revision=0.0.1-SNAPSHOT&side=consumer&timestamp=1509700608726, cause: Failed to send message Request [id=3, version=2.0.0, twoway=true, event=false, broken=false, data=RpcInvocation [methodName=getList, parameterTypes=[class com.mlink.util.PageUtil, interface java.util.Map], arguments=[PageUtil [pageNo=1, pageSize=10, orderBy=null, order=null, autoCount=true, result=[], totalCount=-1], {}], attachments={path=com.mlink.service.IInternationalService, interface=com.mlink.service.IInternationalService, version=0.0.0}]] to /192.168.10.120:20880, cause: Serialized class com.mlink.util.PageUtil must implement java.io.Serializable
java.lang.NullPointerException
com.alibaba.dubbo.rpc.RpcException: Failed to invoke the method getList in the service com.mlink.service.ICountryService. Tried 3 times of the providers [192.168.10.120:20880] (1/1) from the registry 192.168.192.129:2181 on the consumer 192.168.10.120 using the dubbo version 2.5.6. Last error is: Failed to invoke remote method: getList, provider: dubbo://192.168.10.120:20880/com.mlink.service.ICountryService?anyhost=true&application=democonsumer&check=false&dubbo=2.5.6&generic=false&interface=com.mlink.service.ICountryService&methods=getList,get,save,update,getAllMapList,getCountryById,delete&pid=9960&remote.timestamp=1509698350710&revision=0.0.1-SNAPSHOT&side=consumer&timestamp=1509700608658, cause: Failed to send message Request [id=80, version=2.0.0, twoway=true, event=false, broken=false, data=RpcInvocation [methodName=getList, parameterTypes=[class com.mlink.util.PageUtil, interface java.util.Map], arguments=[PageUtil [pageNo=1, pageSize=10, orderBy=null, order=null, autoCount=true, result=[], totalCount=-1], {internationalid=f285ccf6-3811-4bd7-a12e-51b41531a7a0}], attachments={path=com.mlink.service.ICountryService, interface=com.mlink.service.ICountryService, version=0.0.0}]] to /192.168.10.120:20880, cause: Serialized class com.mlink.util.PageUtil must implement java.io.Serializable
com.alibaba.dubbo.rpc.RpcException: Failed to invoke the method getList in the service com.mlink.service.ICountryService. Tried 3 times of the providers [192.168.10.120:20880] (1/1) from the registry 192.168.192.129:2181 on the consumer 192.168.10.120 using the dubbo version 2.5.6. Last error is: Failed to invoke remote method: getList, provider: dubbo://192.168.10.120:20880/com.mlink.service.ICountryService?anyhost=true&application=democonsumer&check=false&dubbo=2.5.6&generic=false&interface=com.mlink.service.ICountryService&methods=getList,get,save,update,getAllMapList,getCountryById,delete&pid=9960&remote.timestamp=1509698350710&revision=0.0.1-SNAPSHOT&side=consumer&timestamp=1509700608658, cause: Failed to send message Request [id=83, version=2.0.0, twoway=true, event=false, broken=false, data=RpcInvocation [methodName=getList, parameterTypes=[class com.mlink.util.PageUtil, interface java.util.Map], arguments=[PageUtil [pageNo=1, pageSize=10, orderBy=null, order=null, autoCount=true, result=[], totalCount=-1], {internationalid=f285ccf6-3811-4bd7-a12e-51b41531a7a0}], attachments={path=com.mlink.service.ICountryService, interface=com.mlink.service.ICountryService, version=0.0.0}]] to /192.168.10.120:20880, cause: Serialized class com.mlink.util.PageUtil must implement java.io.Serializable
com.alibaba.dubbo.rpc.RpcException: Failed to invoke the method getList in the service com.mlink.service.ILineService. Tried 3 times of the providers [192.168.10.120:20880] (1/1) from the registry 192.168.192.129:2181 on the consumer 192.168.10.120 using the dubbo version 2.5.6. Last error is: Failed to invoke remote method: getList, provider: dubbo://192.168.10.120:20880/com.mlink.service.ILineService?anyhost=true&application=democonsumer&check=false&dubbo=2.5.6&generic=false&interface=com.mlink.service.ILineService&methods=getList,save,update,getAllMapList,delete&pid=9960&remote.timestamp=1509698351463&revision=0.0.1-SNAPSHOT&side=consumer&timestamp=1509700608834, cause: Failed to send message Request [id=86, version=2.0.0, twoway=true, event=false, broken=false, data=RpcInvocation [methodName=getList, parameterTypes=[class com.mlink.util.PageUtil, interface java.util.Map], arguments=[PageUtil [pageNo=1, pageSize=10, orderBy=null, order=null, autoCount=true, result=[], totalCount=-1], {}], attachments={path=com.mlink.service.ILineService, interface=com.mlink.service.ILineService, version=0.0.0}]] to /192.168.10.120:20880, cause: Serialized class com.mlink.util.PageUtil must implement java.io.Serializable
com.alibaba.dubbo.rpc.RpcException: Failed to invoke the method getList in the service com.mlink.service.IConsultService. Tried 3 times of the providers [192.168.10.120:20880] (1/1) from the registry 192.168.192.129:2181 on the consumer 192.168.10.120 using the dubbo version 2.5.6. Last error is: Failed to invoke remote method: getList, provider: dubbo://192.168.10.120:20880/com.mlink.service.IConsultService?anyhost=true&application=democonsumer&check=false&dubbo=2.5.6&generic=false&interface=com.mlink.service.IConsultService&methods=getList,save,update,getAllMapList,delete&pid=9960&remote.timestamp=1509698350640&revision=0.0.1-SNAPSHOT&side=consumer&timestamp=1509700608563, cause: Failed to send message Request [id=89, version=2.0.0, twoway=true, event=false, broken=false, data=RpcInvocation [methodName=getList, parameterTypes=[class com.mlink.util.PageUtil, interface java.util.Map], arguments=[PageUtil [pageNo=1, pageSize=10, orderBy=null, order=null, autoCount=true, result=[], totalCount=-1], {}], attachments={path=com.mlink.service.IConsultService, interface=com.mlink.service.IConsultService, version=0.0.0}]] to /192.168.10.120:20880, cause: Serialized class com.mlink.util.PageUtil must implement java.io.Serializable
com.alibaba.dubbo.rpc.RpcException: Failed to invoke the method getList in the service com.mlink.service.IInternationalService. Tried 3 times of the providers [192.168.10.120:20880] (1/1) from the registry 192.168.192.129:2181 on the consumer 192.168.10.120 using the dubbo version 2.5.6. Last error is: Failed to invoke remote method: getList, provider: dubbo://192.168.10.120:20880/com.mlink.service.IInternationalService?anyhost=true&application=democonsumer&check=false&dubbo=2.5.6&generic=false&interface=com.mlink.service.IInternationalService&methods=getList,save,update,getAllMapList,delete&pid=8996&remote.timestamp=1509700672120&revision=0.0.1-SNAPSHOT&side=consumer&timestamp=1509700708550, cause: Failed to send response: Response [id=5, version=2.0.0, status=20, event=false, error=null, result=RpcResult [result=[MlinkInternational [id=f285ccf6-3811-4bd7-a12e-51b41531a7a0, name=亚洲区域, sort=1], MlinkInternational [id=f74c7383-b67b-45a1-aac0-168377ab4a6e, name=美洲区域, sort=2], MlinkInternational [id=884ca1e4-1693-4104-931f-b9be9214d9d0, name=欧洲区域, sort=3], MlinkInternational [id=d4a8d042-31e0-4a54-b65a-ae7de699c21f, name=大洋洲区域, sort=4]], exception=null]], cause: java.lang.IllegalStateException: Serialized class com.mlink.view.MlinkInternational must implement java.io.Serializable
java.lang.IllegalStateException: Serialized class com.mlink.view.MlinkInternational must implement java.io.Serializable
	at com.alibaba.com.caucho.hessian.io.SerializerFactory.getDefaultSerializer(SerializerFactory.java:397)
	at com.alibaba.com.caucho.hessian.io.SerializerFactory.getSerializer(SerializerFactory.java:371)
	at com.alibaba.com.caucho.hessian.io.Hessian2Output.writeObject(Hessian2Output.java:381)
	at com.alibaba.com.caucho.hessian.io.CollectionSerializer.writeObject(CollectionSerializer.java:98)
	at com.alibaba.com.caucho.hessian.io.Hessian2Output.writeObject(Hessian2Output.java:383)
	at com.alibaba.dubbo.common.serialize.support.hessian.Hessian2ObjectOutput.writeObject(Hessian2ObjectOutput.java:79)
	at com.alibaba.dubbo.rpc.protocol.dubbo.DubboCodec.encodeResponseData(DubboCodec.java:193)
	at com.alibaba.dubbo.remoting.exchange.codec.ExchangeCodec.encodeResponse(ExchangeCodec.java:269)
	at com.alibaba.dubbo.remoting.exchange.codec.ExchangeCodec.encode(ExchangeCodec.java:70)
	at com.alibaba.dubbo.rpc.protocol.dubbo.DubboCountCodec.encode(DubboCountCodec.java:39)
	at com.alibaba.dubbo.remoting.transport.netty.NettyCodecAdapter$InternalEncoder.encode(NettyCodecAdapter.java:81)
	at org.jboss.netty.handler.codec.oneone.OneToOneEncoder.handleDownstream(OneToOneEncoder.java:66)
	at org.jboss.netty.channel.DefaultChannelPipeline.sendDownstream(DefaultChannelPipeline.java:591)
	at org.jboss.netty.channel.DefaultChannelPipeline$DefaultChannelHandlerContext.sendDownstream(DefaultChannelPipeline.java:776)
	at org.jboss.netty.channel.SimpleChannelHandler.writeRequested(SimpleChannelHandler.java:304)
	at com.alibaba.dubbo.remoting.transport.netty.NettyHandler.writeRequested(NettyHandler.java:99)
	at org.jboss.netty.channel.SimpleChannelHandler.handleDownstream(SimpleChannelHandler.java:266)
	at org.jboss.netty.channel.DefaultChannelPipeline.sendDownstream(DefaultChannelPipeline.java:591)
	at org.jboss.netty.channel.DefaultChannelPipeline.sendDownstream(DefaultChannelPipeline.java:582)
	at org.jboss.netty.channel.Channels.write(Channels.java:611)
	at org.jboss.netty.channel.Channels.write(Channels.java:578)
	at org.jboss.netty.channel.AbstractChannel.write(AbstractChannel.java:251)
	at com.alibaba.dubbo.remoting.transport.netty.NettyChannel.send(NettyChannel.java:98)
	at com.alibaba.dubbo.remoting.transport.AbstractPeer.send(AbstractPeer.java:54)
	at com.alibaba.dubbo.remoting.exchange.support.header.HeaderExchangeHandler.received(HeaderExchangeHandler.java:171)
	at com.alibaba.dubbo.remoting.transport.DecodeHandler.received(DecodeHandler.java:52)
	at com.alibaba.dubbo.remoting.transport.dispatcher.ChannelEventRunnable.run(ChannelEventRunnable.java:81)
	at java.util.concurrent.ThreadPoolExecutor.runWorker(ThreadPoolExecutor.java:1142)
	at java.util.concurrent.ThreadPoolExecutor$Worker.run(ThreadPoolExecutor.java:617)
	at java.lang.Thread.run(Thread.java:745)

